<?xml version="1.0" encoding="UTF-8"?>
<!-- Generated by org.testng.reporters.JUnitReportReporter -->
<testsuite hostname="antonys-MBP-2" failures="0" tests="1" name="com.qa.practice.TestCases.LongWaitTest" time="22.348" errors="0" timestamp="2022-08-29T06:32:32 GST" skipped="0">
  <testcase classname="com.qa.practice.TestCases.LongWaitTest" name="explicitWaitTest" time="22.348"/>
  <system-out/>
</testsuite> <!-- com.qa.practice.TestCases.LongWaitTest -->
