<?xml version="1.0" encoding="UTF-8"?>
<!-- Generated by org.testng.reporters.JUnitReportReporter -->
<testsuite hostname="antonys-MBP-2" failures="0" tests="1" name="com.qa.practice.TestCases.NewTabTest" time="1.085" errors="0" timestamp="2022-11-03T09:08:24 GST" skipped="0">
  <testcase classname="com.qa.practice.TestCases.NewTabTest" name="newTabTest" time="1.085"/>
  <system-out/>
</testsuite> <!-- com.qa.practice.TestCases.NewTabTest -->
