<?xml version="1.0" encoding="UTF-8"?>
<!-- Generated by org.testng.reporters.JUnitReportReporter -->
<testsuite hostname="antonys-MBP-2" failures="0" tests="1" name="com.qa.practice.TestCases.KeyboardDisabledTest" time="0.169" errors="0" timestamp="2022-11-01T09:41:37 GST" skipped="0">
  <testcase classname="com.qa.practice.TestCases.KeyboardDisabledTest" name="testActions" time="0.169"/>
  <system-out/>
</testsuite> <!-- com.qa.practice.TestCases.KeyboardDisabledTest -->
