<?xml version="1.0" encoding="UTF-8"?>
<!-- Generated by org.testng.reporters.JUnitReportReporter -->
<testsuite hostname="antonys-MBP-2" failures="0" tests="1" name="com.qa.practice.TestCases.ShortWaitTest" time="16.656" errors="0" timestamp="2022-10-02T20:34:05 GST" skipped="0">
  <testcase classname="com.qa.practice.TestCases.ShortWaitTest" name="clickButtonForWait" time="16.656"/>
  <system-out/>
</testsuite> <!-- com.qa.practice.TestCases.ShortWaitTest -->
