<?xml version="1.0" encoding="UTF-8"?>
<!-- Generated by org.testng.reporters.JUnitReportReporter -->
<testsuite hostname="antonys-MBP-2" failures="0" tests="1" name="com.qa.practice.TestCases.UploadDownloadTest" time="0.086" errors="0" timestamp="2022-11-08T11:25:18 GST" skipped="0">
  <testcase classname="com.qa.practice.TestCases.UploadDownloadTest" name="uploadTest" time="0.086"/>
  <system-out/>
</testsuite> <!-- com.qa.practice.TestCases.UploadDownloadTest -->
