<?xml version="1.0" encoding="UTF-8"?>
<!-- Generated by org.testng.reporters.JUnitReportReporter -->
<testsuite hostname="antonys-MBP-2" failures="0" tests="3" name="com.qa.practice.TestCases.FormPageFillTest" time="18.588" errors="0" timestamp="2022-08-28T19:59:27 GST" skipped="0">
  <testcase classname="com.qa.practice.TestCases.FormPageFillTest" name="testFillForm" time="5.533"/>
  <system-out/>
  <testcase classname="com.qa.practice.TestCases.FormPageFillTest" name="testFillForm" time="8.013"/>
  <system-out/>
  <testcase classname="com.qa.practice.TestCases.FormPageFillTest" name="testFillForm" time="5.042"/>
  <system-out/>
</testsuite> <!-- com.qa.practice.TestCases.FormPageFillTest -->
